Started GET "/" for 127.0.0.1 at 2018-12-17 14:12:25 +0000
Processing by Rails::WelcomeController#index as HTML
  Rendering /Users/jason/.rvm/gems/ruby-2.3.1@chillivault/gems/railties-5.2.2/lib/rails/templates/rails/welcome/index.html.erb
  Rendered /Users/jason/.rvm/gems/ruby-2.3.1@chillivault/gems/railties-5.2.2/lib/rails/templates/rails/welcome/index.html.erb (5.6ms)
Completed 200 OK in 40ms (Views: 16.8ms | ActiveRecord: 0.0ms)


  [1m[35m (0.1ms)[0m  [1m[34mSELECT sqlite_version(*)[0m
  ↳ bin/rails:9
  [1m[35m (1.4ms)[0m  [1m[35mCREATE TABLE "schema_migrations" ("version" varchar NOT NULL PRIMARY KEY)[0m
  ↳ bin/rails:9
  [1m[35m (1.4ms)[0m  [1m[35mCREATE TABLE "ar_internal_metadata" ("key" varchar NOT NULL PRIMARY KEY, "value" varchar, "created_at" datetime NOT NULL, "updated_at" datetime NOT NULL)[0m
  ↳ bin/rails:9
  [1m[35m (0.2ms)[0m  [1m[34mSELECT "schema_migrations"."version" FROM "schema_migrations" ORDER BY "schema_migrations"."version" ASC[0m
  ↳ bin/rails:9
Migrating to CreateListItems (20181217143352)
  [1m[35m (0.1ms)[0m  [1m[36mbegin transaction[0m
  ↳ bin/rails:9
  [1m[35m (0.7ms)[0m  [1m[35mCREATE TABLE "list_items" ("id" integer PRIMARY KEY AUTOINCREMENT NOT NULL, "parent_id" integer, "sort_order" integer, "created_at" datetime NOT NULL, "updated_at" datetime NOT NULL)[0m
  ↳ db/migrate/20181217143352_create_list_items.rb:3
  [1m[36mActiveRecord::SchemaMigration Create (0.4ms)[0m  [1m[32mINSERT INTO "schema_migrations" ("version") VALUES (?)[0m  [["version", "20181217143352"]]
  ↳ bin/rails:9
  [1m[35m (1.1ms)[0m  [1m[36mcommit transaction[0m
  ↳ bin/rails:9
  [1m[36mActiveRecord::InternalMetadata Load (0.2ms)[0m  [1m[34mSELECT  "ar_internal_metadata".* FROM "ar_internal_metadata" WHERE "ar_internal_metadata"."key" = ? LIMIT ?[0m  [["key", "environment"], ["LIMIT", 1]]
  ↳ bin/rails:9
  [1m[35m (0.0ms)[0m  [1m[36mbegin transaction[0m
  ↳ bin/rails:9
  [1m[36mActiveRecord::InternalMetadata Create (0.4ms)[0m  [1m[32mINSERT INTO "ar_internal_metadata" ("key", "value", "created_at", "updated_at") VALUES (?, ?, ?, ?)[0m  [["key", "environment"], ["value", "development"], ["created_at", "2018-12-17 14:34:02.524608"], ["updated_at", "2018-12-17 14:34:02.524608"]]
  ↳ bin/rails:9
  [1m[35m (1.0ms)[0m  [1m[36mcommit transaction[0m
  ↳ bin/rails:9
  [1m[35m (0.1ms)[0m  [1m[34mSELECT "schema_migrations"."version" FROM "schema_migrations" ORDER BY "schema_migrations"."version" ASC[0m
  ↳ bin/rails:9
  [1m[35m (0.2ms)[0m  [1m[34mSELECT "schema_migrations"."version" FROM "schema_migrations" ORDER BY "schema_migrations"."version" ASC[0m
  ↳ bin/rails:9
Migrating to CreateListItemHierarchies (20181217143516)
  [1m[35m (0.1ms)[0m  [1m[36mbegin transaction[0m
  ↳ bin/rails:9
  [1m[35m (0.1ms)[0m  [1m[34mSELECT sqlite_version(*)[0m
  ↳ db/migrate/20181217143516_create_list_item_hierarchies.rb:3
  [1m[35m (0.6ms)[0m  [1m[35mCREATE TABLE "list_item_hierarchies" ("ancestor_id" integer NOT NULL, "descendant_id" integer NOT NULL, "generations" integer NOT NULL)[0m
  ↳ db/migrate/20181217143516_create_list_item_hierarchies.rb:3
  [1m[35m (0.2ms)[0m  [1m[35mCREATE UNIQUE INDEX "list_item_anc_desc_idx" ON "list_item_hierarchies" ("ancestor_id", "descendant_id", "generations")[0m
  ↳ db/migrate/20181217143516_create_list_item_hierarchies.rb:9
  [1m[35m (0.2ms)[0m  [1m[35mCREATE  INDEX "list_item_desc_idx" ON "list_item_hierarchies" ("descendant_id")[0m
  ↳ db/migrate/20181217143516_create_list_item_hierarchies.rb:13
  [1m[36mActiveRecord::SchemaMigration Create (0.2ms)[0m  [1m[32mINSERT INTO "schema_migrations" ("version") VALUES (?)[0m  [["version", "20181217143516"]]
  ↳ bin/rails:9
  [1m[35m (1.0ms)[0m  [1m[36mcommit transaction[0m
  ↳ bin/rails:9
  [1m[36mActiveRecord::InternalMetadata Load (0.2ms)[0m  [1m[34mSELECT  "ar_internal_metadata".* FROM "ar_internal_metadata" WHERE "ar_internal_metadata"."key" = ? LIMIT ?[0m  [["key", "environment"], ["LIMIT", 1]]
  ↳ bin/rails:9
  [1m[35m (0.1ms)[0m  [1m[36mbegin transaction[0m
  ↳ bin/rails:9
  [1m[35m (0.1ms)[0m  [1m[36mcommit transaction[0m
  ↳ bin/rails:9
  [1m[35m (0.2ms)[0m  [1m[34mSELECT "schema_migrations"."version" FROM "schema_migrations" ORDER BY "schema_migrations"."version" ASC[0m
  ↳ bin/rails:9
  [1m[35m (0.0ms)[0m  [1m[36mbegin transaction[0m
  [1m[36mListItem Create (0.5ms)[0m  [1m[32mINSERT INTO "list_items" ("created_at", "updated_at") VALUES (?, ?)[0m  [["created_at", "2018-12-17 14:39:37.079712"], ["updated_at", "2018-12-17 14:39:37.079712"]]
  [1m[36mListItemHierarchy Create (0.4ms)[0m  [1m[32mINSERT INTO "list_item_hierarchies" ("ancestor_id", "descendant_id", "generations") VALUES (?, ?, ?)[0m  [["ancestor_id", 1], ["descendant_id", 1], ["generations", 0]]
  [1m[36mListItem Load (0.2ms)[0m  [1m[34mSELECT  "list_items".* FROM "list_items" WHERE "list_items"."parent_id" = ? ORDER BY "list_items"."id" ASC LIMIT ?[0m  [["parent_id", 1], ["LIMIT", 1000]]
  [1m[35m (2.5ms)[0m  [1m[36mcommit transaction[0m
  [1m[35m (0.1ms)[0m  [1m[36mbegin transaction[0m
  [1m[36mListItem Create (0.4ms)[0m  [1m[32mINSERT INTO "list_items" ("created_at", "updated_at") VALUES (?, ?)[0m  [["created_at", "2018-12-17 14:39:43.903822"], ["updated_at", "2018-12-17 14:39:43.903822"]]
  [1m[36mListItemHierarchy Create (0.2ms)[0m  [1m[32mINSERT INTO "list_item_hierarchies" ("ancestor_id", "descendant_id", "generations") VALUES (?, ?, ?)[0m  [["ancestor_id", 2], ["descendant_id", 2], ["generations", 0]]
  [1m[36mListItem Load (0.0ms)[0m  [1m[34mSELECT  "list_items".* FROM "list_items" WHERE "list_items"."parent_id" = ? ORDER BY "list_items"."id" ASC LIMIT ?[0m  [["parent_id", 2], ["LIMIT", 1000]]
  [1m[35m (1.7ms)[0m  [1m[36mcommit transaction[0m
  [1m[35m (0.1ms)[0m  [1m[36mbegin transaction[0m
  [1m[36mListItem Create (0.3ms)[0m  [1m[32mINSERT INTO "list_items" ("created_at", "updated_at") VALUES (?, ?)[0m  [["created_at", "2018-12-17 14:39:49.472266"], ["updated_at", "2018-12-17 14:39:49.472266"]]
  [1m[36mListItemHierarchy Create (0.2ms)[0m  [1m[32mINSERT INTO "list_item_hierarchies" ("ancestor_id", "descendant_id", "generations") VALUES (?, ?, ?)[0m  [["ancestor_id", 3], ["descendant_id", 3], ["generations", 0]]
  [1m[36mListItem Load (0.0ms)[0m  [1m[34mSELECT  "list_items".* FROM "list_items" WHERE "list_items"."parent_id" = ? ORDER BY "list_items"."id" ASC LIMIT ?[0m  [["parent_id", 3], ["LIMIT", 1000]]
  [1m[35m (1.4ms)[0m  [1m[36mcommit transaction[0m
